[2024-10-30 11:43:00] sql.INFO: [3.69] select `id`, `name`, `type`, `target`, `rule`, `parameter` from `setting_crontab` where `status` = '1' [] {"request_id":"85583e2a-1dd5-4b8b-b157-e9b746c3a7c9","coroutine_id":1}
[2024-10-30 11:44:00] sql.INFO: [109.74] select `id`, `name`, `type`, `target`, `rule`, `parameter` from `setting_crontab` where `status` = '1' [] {"request_id":"ffe01855-431e-413e-aeca-b573c84e0c2e","coroutine_id":1}
[2024-10-30 11:45:00] sql.INFO: [0.6] select `id`, `name`, `type`, `target`, `rule`, `parameter` from `setting_crontab` where `status` = '1' [] {"request_id":"ffe01855-431e-413e-aeca-b573c84e0c2e","coroutine_id":1}
[2024-10-30 11:50:31] sql.INFO: [92380.9] select `id`, `name`, `type`, `target`, `rule`, `parameter` from `setting_crontab` where `status` = '1' [] {"request_id":"ffe01855-431e-413e-aeca-b573c84e0c2e","coroutine_id":1}
[2024-10-30 11:55:00] sql.INFO: [93.71] select `id`, `name`, `type`, `target`, `rule`, `parameter` from `setting_crontab` where `status` = '1' [] {"request_id":"ffe01855-431e-413e-aeca-b573c84e0c2e","coroutine_id":1}
[2024-10-30 11:56:00] sql.INFO: [0.6] select `id`, `name`, `type`, `target`, `rule`, `parameter` from `setting_crontab` where `status` = '1' [] {"request_id":"ffe01855-431e-413e-aeca-b573c84e0c2e","coroutine_id":1}
[2024-10-30 11:57:00] sql.INFO: [0.84] select `id`, `name`, `type`, `target`, `rule`, `parameter` from `setting_crontab` where `status` = '1' [] {"request_id":"ffe01855-431e-413e-aeca-b573c84e0c2e","coroutine_id":1}
[2024-10-30 11:58:00] sql.INFO: [1.01] select `id`, `name`, `type`, `target`, `rule`, `parameter` from `setting_crontab` where `status` = '1' [] {"request_id":"ffe01855-431e-413e-aeca-b573c84e0c2e","coroutine_id":1}
[2024-10-30 11:58:37] sql.INFO: [23.76] select * from `system_user` where `username` = 'superAdmin' and `system_user`.`deleted_at` is null limit 1 [] {"request_id":"0a2fb3fa-9307-43ae-89db-535776384470","coroutine_id":8}
[2024-10-30 11:58:37] sql.INFO: [16.16] insert into `system_login_log` (`username`, `ip`, `ip_location`, `os`, `browser`, `status`, `message`, `login_time`) values ('superAdmin', '127.0.0.1', '未知', 'Windows 10', 'Chrome', '1', '登录成功', '2024-10-30 11:58:37') [] {"request_id":"0a2fb3fa-9307-43ae-89db-535776384470","coroutine_id":8}
[2024-10-30 11:58:37] sql.INFO: [4.17] update `system_user` set `login_ip` = '127.0.0.1', `login_time` = '2024-10-30 11:58:37', `system_user`.`updated_at` = '2024-10-30 11:58:37' where `id` = '1' and `system_user`.`deleted_at` is null [] {"request_id":"0a2fb3fa-9307-43ae-89db-535776384470","coroutine_id":8}
[2024-10-30 11:58:42] sql.INFO: [0.83] select `group_id`, `name`, `key`, `value`, `sort`, `input_type`, `config_select_data` from `setting_config` where `setting_config`.`key` = 'upload_mode' limit 1 [] {"request_id":"21b83136-65d1-4415-aeda-6d0a67cf19cf","coroutine_id":12}
[2024-10-30 11:58:42] sql.INFO: [2.75] select count(*) as aggregate from `system_notice` where `system_notice`.`deleted_at` is null [] {"request_id":"21b83136-65d1-4415-aeda-6d0a67cf19cf","coroutine_id":12}
[2024-10-30 11:59:00] sql.INFO: [2.52] select `id`, `name`, `type`, `target`, `rule`, `parameter` from `setting_crontab` where `status` = '1' [] {"request_id":"ffe01855-431e-413e-aeca-b573c84e0c2e","coroutine_id":1}
[2024-10-30 11:59:42] sql.INFO: [0.7] select * from `system_user` where `username` = 'superAdmin' and `system_user`.`deleted_at` is null limit 1 [] {"request_id":"7e0ff2b7-9061-491b-b121-e871fd20e905","coroutine_id":16}
[2024-10-30 11:59:42] sql.INFO: [4.91] insert into `system_login_log` (`username`, `ip`, `ip_location`, `os`, `browser`, `status`, `message`, `login_time`) values ('superAdmin', '127.0.0.1', '未知', 'Linux', 'Chrome', '1', '登录成功', '2024-10-30 11:59:42') [] {"request_id":"7e0ff2b7-9061-491b-b121-e871fd20e905","coroutine_id":16}
[2024-10-30 11:59:42] sql.INFO: [4.23] update `system_user` set `login_ip` = '127.0.0.1', `login_time` = '2024-10-30 11:59:42', `system_user`.`updated_at` = '2024-10-30 11:59:42' where `id` = '1' and `system_user`.`deleted_at` is null [] {"request_id":"7e0ff2b7-9061-491b-b121-e871fd20e905","coroutine_id":16}
[2024-10-30 11:59:45] sql.INFO: [0.5] select count(*) as aggregate from `system_notice` where `system_notice`.`deleted_at` is null [] {"request_id":"7acc3425-13b1-46cc-8253-5bf135facc28","coroutine_id":20}
[2024-10-30 12:00:00] sql.INFO: [0.65] select `id`, `name`, `type`, `target`, `rule`, `parameter` from `setting_crontab` where `status` = '1' [] {"request_id":"ffe01855-431e-413e-aeca-b573c84e0c2e","coroutine_id":1}
[2024-10-30 12:00:37] sql.INFO: [1.17] select * from `system_user` where `username` = 'superAdmin' and `system_user`.`deleted_at` is null limit 1 [] {"request_id":"d7952f94-3ec4-436e-b2dc-a9ef3bea265e","coroutine_id":24}
[2024-10-30 12:00:37] sql.INFO: [4.86] insert into `system_login_log` (`username`, `ip`, `ip_location`, `os`, `browser`, `status`, `message`, `login_time`) values ('superAdmin', '127.0.0.1', '未知', 'Mac', 'Safari', '1', '登录成功', '2024-10-30 12:00:37') [] {"request_id":"d7952f94-3ec4-436e-b2dc-a9ef3bea265e","coroutine_id":24}
[2024-10-30 12:00:37] sql.INFO: [4.2] update `system_user` set `login_ip` = '127.0.0.1', `login_time` = '2024-10-30 12:00:37', `system_user`.`updated_at` = '2024-10-30 12:00:37' where `id` = '1' and `system_user`.`deleted_at` is null [] {"request_id":"d7952f94-3ec4-436e-b2dc-a9ef3bea265e","coroutine_id":24}
[2024-10-30 12:00:43] sql.INFO: [0.47] select count(*) as aggregate from `system_notice` where `system_notice`.`deleted_at` is null [] {"request_id":"aecaf185-6f05-47b5-bed9-8e1c615c50a5","coroutine_id":28}
[2024-10-30 12:01:00] sql.INFO: [3.37] select `id`, `name`, `type`, `target`, `rule`, `parameter` from `setting_crontab` where `status` = '1' [] {"request_id":"ffe01855-431e-413e-aeca-b573c84e0c2e","coroutine_id":1}
[2024-10-30 12:02:00] sql.INFO: [0.7] select `id`, `name`, `type`, `target`, `rule`, `parameter` from `setting_crontab` where `status` = '1' [] {"request_id":"ffe01855-431e-413e-aeca-b573c84e0c2e","coroutine_id":1}
[2024-10-30 12:03:00] sql.INFO: [0.89] select `id`, `name`, `type`, `target`, `rule`, `parameter` from `setting_crontab` where `status` = '1' [] {"request_id":"ffe01855-431e-413e-aeca-b573c84e0c2e","coroutine_id":1}
[2024-10-30 12:04:00] sql.INFO: [0.57] select `id`, `name`, `type`, `target`, `rule`, `parameter` from `setting_crontab` where `status` = '1' [] {"request_id":"ffe01855-431e-413e-aeca-b573c84e0c2e","coroutine_id":1}
[2024-10-30 12:05:00] sql.INFO: [0.7] select `id`, `name`, `type`, `target`, `rule`, `parameter` from `setting_crontab` where `status` = '1' [] {"request_id":"ffe01855-431e-413e-aeca-b573c84e0c2e","coroutine_id":1}
[2024-10-30 12:06:00] sql.INFO: [0.91] select `id`, `name`, `type`, `target`, `rule`, `parameter` from `setting_crontab` where `status` = '1' [] {"request_id":"ffe01855-431e-413e-aeca-b573c84e0c2e","coroutine_id":1}
[2024-10-30 12:07:00] sql.INFO: [0.7] select `id`, `name`, `type`, `target`, `rule`, `parameter` from `setting_crontab` where `status` = '1' [] {"request_id":"ffe01855-431e-413e-aeca-b573c84e0c2e","coroutine_id":1}
[2024-10-30 12:08:00] sql.INFO: [0.57] select `id`, `name`, `type`, `target`, `rule`, `parameter` from `setting_crontab` where `status` = '1' [] {"request_id":"ffe01855-431e-413e-aeca-b573c84e0c2e","coroutine_id":1}
[2024-10-30 12:09:00] sql.INFO: [1.12] select `id`, `name`, `type`, `target`, `rule`, `parameter` from `setting_crontab` where `status` = '1' [] {"request_id":"ffe01855-431e-413e-aeca-b573c84e0c2e","coroutine_id":1}
[2024-10-30 12:10:00] sql.INFO: [0.65] select `id`, `name`, `type`, `target`, `rule`, `parameter` from `setting_crontab` where `status` = '1' [] {"request_id":"ffe01855-431e-413e-aeca-b573c84e0c2e","coroutine_id":1}
[2024-10-30 12:11:00] sql.INFO: [0.56] select `id`, `name`, `type`, `target`, `rule`, `parameter` from `setting_crontab` where `status` = '1' [] {"request_id":"ffe01855-431e-413e-aeca-b573c84e0c2e","coroutine_id":1}
[2024-10-30 12:12:00] sql.INFO: [0.84] select `id`, `name`, `type`, `target`, `rule`, `parameter` from `setting_crontab` where `status` = '1' [] {"request_id":"ffe01855-431e-413e-aeca-b573c84e0c2e","coroutine_id":1}
[2024-10-30 12:13:00] sql.INFO: [0.58] select `id`, `name`, `type`, `target`, `rule`, `parameter` from `setting_crontab` where `status` = '1' [] {"request_id":"ffe01855-431e-413e-aeca-b573c84e0c2e","coroutine_id":1}
[2024-10-30 12:14:00] sql.INFO: [0.57] select `id`, `name`, `type`, `target`, `rule`, `parameter` from `setting_crontab` where `status` = '1' [] {"request_id":"ffe01855-431e-413e-aeca-b573c84e0c2e","coroutine_id":1}
[2024-10-30 12:15:00] sql.INFO: [0.67] select `id`, `name`, `type`, `target`, `rule`, `parameter` from `setting_crontab` where `status` = '1' [] {"request_id":"ffe01855-431e-413e-aeca-b573c84e0c2e","coroutine_id":1}
[2024-10-30 12:16:00] sql.INFO: [0.69] select `id`, `name`, `type`, `target`, `rule`, `parameter` from `setting_crontab` where `status` = '1' [] {"request_id":"ffe01855-431e-413e-aeca-b573c84e0c2e","coroutine_id":1}
[2024-10-30 12:17:00] sql.INFO: [0.61] select `id`, `name`, `type`, `target`, `rule`, `parameter` from `setting_crontab` where `status` = '1' [] {"request_id":"ffe01855-431e-413e-aeca-b573c84e0c2e","coroutine_id":1}
[2024-10-30 12:18:00] sql.INFO: [0.75] select `id`, `name`, `type`, `target`, `rule`, `parameter` from `setting_crontab` where `status` = '1' [] {"request_id":"ffe01855-431e-413e-aeca-b573c84e0c2e","coroutine_id":1}
[2024-10-30 12:19:00] sql.INFO: [0.57] select `id`, `name`, `type`, `target`, `rule`, `parameter` from `setting_crontab` where `status` = '1' [] {"request_id":"ffe01855-431e-413e-aeca-b573c84e0c2e","coroutine_id":1}
[2024-10-30 12:20:00] sql.INFO: [1.15] select `id`, `name`, `type`, `target`, `rule`, `parameter` from `setting_crontab` where `status` = '1' [] {"request_id":"ffe01855-431e-413e-aeca-b573c84e0c2e","coroutine_id":1}
[2024-10-30 12:21:00] sql.INFO: [1.41] select `id`, `name`, `type`, `target`, `rule`, `parameter` from `setting_crontab` where `status` = '1' [] {"request_id":"ffe01855-431e-413e-aeca-b573c84e0c2e","coroutine_id":1}
[2024-10-30 12:22:00] sql.INFO: [1.31] select `id`, `name`, `type`, `target`, `rule`, `parameter` from `setting_crontab` where `status` = '1' [] {"request_id":"ffe01855-431e-413e-aeca-b573c84e0c2e","coroutine_id":1}
[2024-10-30 12:23:00] sql.INFO: [0.65] select `id`, `name`, `type`, `target`, `rule`, `parameter` from `setting_crontab` where `status` = '1' [] {"request_id":"ffe01855-431e-413e-aeca-b573c84e0c2e","coroutine_id":1}
[2024-10-30 12:24:00] sql.INFO: [0.67] select `id`, `name`, `type`, `target`, `rule`, `parameter` from `setting_crontab` where `status` = '1' [] {"request_id":"ffe01855-431e-413e-aeca-b573c84e0c2e","coroutine_id":1}
[2024-10-30 12:25:00] sql.INFO: [1.04] select `id`, `name`, `type`, `target`, `rule`, `parameter` from `setting_crontab` where `status` = '1' [] {"request_id":"ffe01855-431e-413e-aeca-b573c84e0c2e","coroutine_id":1}
[2024-10-30 12:26:00] sql.INFO: [0.67] select `id`, `name`, `type`, `target`, `rule`, `parameter` from `setting_crontab` where `status` = '1' [] {"request_id":"ffe01855-431e-413e-aeca-b573c84e0c2e","coroutine_id":1}
[2024-10-30 12:27:00] sql.INFO: [0.64] select `id`, `name`, `type`, `target`, `rule`, `parameter` from `setting_crontab` where `status` = '1' [] {"request_id":"ffe01855-431e-413e-aeca-b573c84e0c2e","coroutine_id":1}
[2024-10-30 12:28:00] sql.INFO: [0.72] select `id`, `name`, `type`, `target`, `rule`, `parameter` from `setting_crontab` where `status` = '1' [] {"request_id":"ffe01855-431e-413e-aeca-b573c84e0c2e","coroutine_id":1}
[2024-10-30 12:29:00] sql.INFO: [0.76] select `id`, `name`, `type`, `target`, `rule`, `parameter` from `setting_crontab` where `status` = '1' [] {"request_id":"ffe01855-431e-413e-aeca-b573c84e0c2e","coroutine_id":1}
[2024-10-30 12:30:00] sql.INFO: [0.59] select `id`, `name`, `type`, `target`, `rule`, `parameter` from `setting_crontab` where `status` = '1' [] {"request_id":"ffe01855-431e-413e-aeca-b573c84e0c2e","coroutine_id":1}
[2024-10-30 12:31:00] sql.INFO: [0.7] select `id`, `name`, `type`, `target`, `rule`, `parameter` from `setting_crontab` where `status` = '1' [] {"request_id":"ffe01855-431e-413e-aeca-b573c84e0c2e","coroutine_id":1}
[2024-10-30 12:32:00] sql.INFO: [0.55] select `id`, `name`, `type`, `target`, `rule`, `parameter` from `setting_crontab` where `status` = '1' [] {"request_id":"ffe01855-431e-413e-aeca-b573c84e0c2e","coroutine_id":1}
[2024-10-30 12:33:00] sql.INFO: [0.96] select `id`, `name`, `type`, `target`, `rule`, `parameter` from `setting_crontab` where `status` = '1' [] {"request_id":"ffe01855-431e-413e-aeca-b573c84e0c2e","coroutine_id":1}
[2024-10-30 12:34:00] sql.INFO: [0.98] select `id`, `name`, `type`, `target`, `rule`, `parameter` from `setting_crontab` where `status` = '1' [] {"request_id":"ffe01855-431e-413e-aeca-b573c84e0c2e","coroutine_id":1}
[2024-10-30 12:35:00] sql.INFO: [0.7] select `id`, `name`, `type`, `target`, `rule`, `parameter` from `setting_crontab` where `status` = '1' [] {"request_id":"ffe01855-431e-413e-aeca-b573c84e0c2e","coroutine_id":1}
[2024-10-30 12:36:00] sql.INFO: [0.63] select `id`, `name`, `type`, `target`, `rule`, `parameter` from `setting_crontab` where `status` = '1' [] {"request_id":"ffe01855-431e-413e-aeca-b573c84e0c2e","coroutine_id":1}
[2024-10-30 12:37:00] sql.INFO: [0.69] select `id`, `name`, `type`, `target`, `rule`, `parameter` from `setting_crontab` where `status` = '1' [] {"request_id":"ffe01855-431e-413e-aeca-b573c84e0c2e","coroutine_id":1}
[2024-10-30 12:38:00] sql.INFO: [0.58] select `id`, `name`, `type`, `target`, `rule`, `parameter` from `setting_crontab` where `status` = '1' [] {"request_id":"ffe01855-431e-413e-aeca-b573c84e0c2e","coroutine_id":1}
[2024-10-30 12:39:00] sql.INFO: [0.79] select `id`, `name`, `type`, `target`, `rule`, `parameter` from `setting_crontab` where `status` = '1' [] {"request_id":"ffe01855-431e-413e-aeca-b573c84e0c2e","coroutine_id":1}
[2024-10-30 12:40:00] sql.INFO: [1.41] select `id`, `name`, `type`, `target`, `rule`, `parameter` from `setting_crontab` where `status` = '1' [] {"request_id":"ffe01855-431e-413e-aeca-b573c84e0c2e","coroutine_id":1}
[2024-10-30 12:41:00] sql.INFO: [0.57] select `id`, `name`, `type`, `target`, `rule`, `parameter` from `setting_crontab` where `status` = '1' [] {"request_id":"ffe01855-431e-413e-aeca-b573c84e0c2e","coroutine_id":1}
[2024-10-30 12:42:00] sql.INFO: [0.74] select `id`, `name`, `type`, `target`, `rule`, `parameter` from `setting_crontab` where `status` = '1' [] {"request_id":"ffe01855-431e-413e-aeca-b573c84e0c2e","coroutine_id":1}
[2024-10-30 12:43:00] sql.INFO: [0.72] select `id`, `name`, `type`, `target`, `rule`, `parameter` from `setting_crontab` where `status` = '1' [] {"request_id":"ffe01855-431e-413e-aeca-b573c84e0c2e","coroutine_id":1}
[2024-10-30 12:44:00] sql.INFO: [0.61] select `id`, `name`, `type`, `target`, `rule`, `parameter` from `setting_crontab` where `status` = '1' [] {"request_id":"ffe01855-431e-413e-aeca-b573c84e0c2e","coroutine_id":1}
[2024-10-30 12:45:00] sql.INFO: [0.67] select `id`, `name`, `type`, `target`, `rule`, `parameter` from `setting_crontab` where `status` = '1' [] {"request_id":"ffe01855-431e-413e-aeca-b573c84e0c2e","coroutine_id":1}
[2024-10-30 12:46:00] sql.INFO: [0.82] select `id`, `name`, `type`, `target`, `rule`, `parameter` from `setting_crontab` where `status` = '1' [] {"request_id":"ffe01855-431e-413e-aeca-b573c84e0c2e","coroutine_id":1}
[2024-10-30 12:47:00] sql.INFO: [1.18] select `id`, `name`, `type`, `target`, `rule`, `parameter` from `setting_crontab` where `status` = '1' [] {"request_id":"ffe01855-431e-413e-aeca-b573c84e0c2e","coroutine_id":1}
[2024-10-30 12:48:00] sql.INFO: [0.79] select `id`, `name`, `type`, `target`, `rule`, `parameter` from `setting_crontab` where `status` = '1' [] {"request_id":"ffe01855-431e-413e-aeca-b573c84e0c2e","coroutine_id":1}
[2024-10-30 12:49:00] sql.INFO: [0.55] select `id`, `name`, `type`, `target`, `rule`, `parameter` from `setting_crontab` where `status` = '1' [] {"request_id":"ffe01855-431e-413e-aeca-b573c84e0c2e","coroutine_id":1}
[2024-10-30 12:50:00] sql.INFO: [0.67] select `id`, `name`, `type`, `target`, `rule`, `parameter` from `setting_crontab` where `status` = '1' [] {"request_id":"ffe01855-431e-413e-aeca-b573c84e0c2e","coroutine_id":1}
[2024-10-30 12:51:00] sql.INFO: [0.8] select `id`, `name`, `type`, `target`, `rule`, `parameter` from `setting_crontab` where `status` = '1' [] {"request_id":"ffe01855-431e-413e-aeca-b573c84e0c2e","coroutine_id":1}
[2024-10-30 12:52:00] sql.INFO: [0.84] select `id`, `name`, `type`, `target`, `rule`, `parameter` from `setting_crontab` where `status` = '1' [] {"request_id":"ffe01855-431e-413e-aeca-b573c84e0c2e","coroutine_id":1}
[2024-10-30 12:53:00] sql.INFO: [0.73] select `id`, `name`, `type`, `target`, `rule`, `parameter` from `setting_crontab` where `status` = '1' [] {"request_id":"ffe01855-431e-413e-aeca-b573c84e0c2e","coroutine_id":1}
[2024-10-30 12:54:00] sql.INFO: [0.56] select `id`, `name`, `type`, `target`, `rule`, `parameter` from `setting_crontab` where `status` = '1' [] {"request_id":"ffe01855-431e-413e-aeca-b573c84e0c2e","coroutine_id":1}
[2024-10-30 12:55:00] sql.INFO: [0.74] select `id`, `name`, `type`, `target`, `rule`, `parameter` from `setting_crontab` where `status` = '1' [] {"request_id":"ffe01855-431e-413e-aeca-b573c84e0c2e","coroutine_id":1}
[2024-10-30 12:56:00] sql.INFO: [0.7] select `id`, `name`, `type`, `target`, `rule`, `parameter` from `setting_crontab` where `status` = '1' [] {"request_id":"ffe01855-431e-413e-aeca-b573c84e0c2e","coroutine_id":1}
[2024-10-30 12:57:00] sql.INFO: [0.58] select `id`, `name`, `type`, `target`, `rule`, `parameter` from `setting_crontab` where `status` = '1' [] {"request_id":"ffe01855-431e-413e-aeca-b573c84e0c2e","coroutine_id":1}
[2024-10-30 12:58:00] sql.INFO: [0.6] select `id`, `name`, `type`, `target`, `rule`, `parameter` from `setting_crontab` where `status` = '1' [] {"request_id":"ffe01855-431e-413e-aeca-b573c84e0c2e","coroutine_id":1}
[2024-10-30 12:59:00] sql.INFO: [0.58] select `id`, `name`, `type`, `target`, `rule`, `parameter` from `setting_crontab` where `status` = '1' [] {"request_id":"ffe01855-431e-413e-aeca-b573c84e0c2e","coroutine_id":1}
[2024-10-30 13:00:00] sql.INFO: [0.68] select `id`, `name`, `type`, `target`, `rule`, `parameter` from `setting_crontab` where `status` = '1' [] {"request_id":"ffe01855-431e-413e-aeca-b573c84e0c2e","coroutine_id":1}
[2024-10-30 13:01:00] sql.INFO: [0.57] select `id`, `name`, `type`, `target`, `rule`, `parameter` from `setting_crontab` where `status` = '1' [] {"request_id":"ffe01855-431e-413e-aeca-b573c84e0c2e","coroutine_id":1}
[2024-10-30 13:02:00] sql.INFO: [0.59] select `id`, `name`, `type`, `target`, `rule`, `parameter` from `setting_crontab` where `status` = '1' [] {"request_id":"ffe01855-431e-413e-aeca-b573c84e0c2e","coroutine_id":1}
[2024-10-30 13:03:00] sql.INFO: [1.22] select `id`, `name`, `type`, `target`, `rule`, `parameter` from `setting_crontab` where `status` = '1' [] {"request_id":"ffe01855-431e-413e-aeca-b573c84e0c2e","coroutine_id":1}
[2024-10-30 13:04:00] sql.INFO: [0.64] select `id`, `name`, `type`, `target`, `rule`, `parameter` from `setting_crontab` where `status` = '1' [] {"request_id":"ffe01855-431e-413e-aeca-b573c84e0c2e","coroutine_id":1}
[2024-10-30 13:05:00] sql.INFO: [0.59] select `id`, `name`, `type`, `target`, `rule`, `parameter` from `setting_crontab` where `status` = '1' [] {"request_id":"ffe01855-431e-413e-aeca-b573c84e0c2e","coroutine_id":1}
[2024-10-30 13:06:00] sql.INFO: [0.66] select `id`, `name`, `type`, `target`, `rule`, `parameter` from `setting_crontab` where `status` = '1' [] {"request_id":"ffe01855-431e-413e-aeca-b573c84e0c2e","coroutine_id":1}
[2024-10-30 13:07:00] sql.INFO: [0.71] select `id`, `name`, `type`, `target`, `rule`, `parameter` from `setting_crontab` where `status` = '1' [] {"request_id":"ffe01855-431e-413e-aeca-b573c84e0c2e","coroutine_id":1}
[2024-10-30 13:08:00] sql.INFO: [2.27] select `id`, `name`, `type`, `target`, `rule`, `parameter` from `setting_crontab` where `status` = '1' [] {"request_id":"ffe01855-431e-413e-aeca-b573c84e0c2e","coroutine_id":1}
[2024-10-30 13:09:00] sql.INFO: [1.07] select `id`, `name`, `type`, `target`, `rule`, `parameter` from `setting_crontab` where `status` = '1' [] {"request_id":"ffe01855-431e-413e-aeca-b573c84e0c2e","coroutine_id":1}
[2024-10-30 13:10:00] sql.INFO: [1.11] select `id`, `name`, `type`, `target`, `rule`, `parameter` from `setting_crontab` where `status` = '1' [] {"request_id":"ffe01855-431e-413e-aeca-b573c84e0c2e","coroutine_id":1}
[2024-10-30 13:11:00] sql.INFO: [1.08] select `id`, `name`, `type`, `target`, `rule`, `parameter` from `setting_crontab` where `status` = '1' [] {"request_id":"ffe01855-431e-413e-aeca-b573c84e0c2e","coroutine_id":1}
[2024-10-30 13:12:00] sql.INFO: [0.69] select `id`, `name`, `type`, `target`, `rule`, `parameter` from `setting_crontab` where `status` = '1' [] {"request_id":"ffe01855-431e-413e-aeca-b573c84e0c2e","coroutine_id":1}
[2024-10-30 13:13:00] sql.INFO: [0.58] select `id`, `name`, `type`, `target`, `rule`, `parameter` from `setting_crontab` where `status` = '1' [] {"request_id":"ffe01855-431e-413e-aeca-b573c84e0c2e","coroutine_id":1}
[2024-10-30 13:14:00] sql.INFO: [0.77] select `id`, `name`, `type`, `target`, `rule`, `parameter` from `setting_crontab` where `status` = '1' [] {"request_id":"ffe01855-431e-413e-aeca-b573c84e0c2e","coroutine_id":1}
[2024-10-30 13:15:00] sql.INFO: [0.61] select `id`, `name`, `type`, `target`, `rule`, `parameter` from `setting_crontab` where `status` = '1' [] {"request_id":"ffe01855-431e-413e-aeca-b573c84e0c2e","coroutine_id":1}
[2024-10-30 13:16:00] sql.INFO: [0.67] select `id`, `name`, `type`, `target`, `rule`, `parameter` from `setting_crontab` where `status` = '1' [] {"request_id":"ffe01855-431e-413e-aeca-b573c84e0c2e","coroutine_id":1}
[2024-10-30 13:17:00] sql.INFO: [0.78] select `id`, `name`, `type`, `target`, `rule`, `parameter` from `setting_crontab` where `status` = '1' [] {"request_id":"ffe01855-431e-413e-aeca-b573c84e0c2e","coroutine_id":1}
[2024-10-30 13:18:00] sql.INFO: [1.21] select `id`, `name`, `type`, `target`, `rule`, `parameter` from `setting_crontab` where `status` = '1' [] {"request_id":"ffe01855-431e-413e-aeca-b573c84e0c2e","coroutine_id":1}
[2024-10-30 13:19:00] sql.INFO: [0.56] select `id`, `name`, `type`, `target`, `rule`, `parameter` from `setting_crontab` where `status` = '1' [] {"request_id":"ffe01855-431e-413e-aeca-b573c84e0c2e","coroutine_id":1}
[2024-10-30 13:20:00] sql.INFO: [0.65] select `id`, `name`, `type`, `target`, `rule`, `parameter` from `setting_crontab` where `status` = '1' [] {"request_id":"ffe01855-431e-413e-aeca-b573c84e0c2e","coroutine_id":1}
[2024-10-30 13:21:00] sql.INFO: [0.58] select `id`, `name`, `type`, `target`, `rule`, `parameter` from `setting_crontab` where `status` = '1' [] {"request_id":"ffe01855-431e-413e-aeca-b573c84e0c2e","coroutine_id":1}
[2024-10-30 13:22:00] sql.INFO: [0.64] select `id`, `name`, `type`, `target`, `rule`, `parameter` from `setting_crontab` where `status` = '1' [] {"request_id":"ffe01855-431e-413e-aeca-b573c84e0c2e","coroutine_id":1}
[2024-10-30 13:23:00] sql.INFO: [0.56] select `id`, `name`, `type`, `target`, `rule`, `parameter` from `setting_crontab` where `status` = '1' [] {"request_id":"ffe01855-431e-413e-aeca-b573c84e0c2e","coroutine_id":1}
[2024-10-30 13:24:00] sql.INFO: [0.67] select `id`, `name`, `type`, `target`, `rule`, `parameter` from `setting_crontab` where `status` = '1' [] {"request_id":"ffe01855-431e-413e-aeca-b573c84e0c2e","coroutine_id":1}
[2024-10-30 13:25:00] sql.INFO: [0.75] select `id`, `name`, `type`, `target`, `rule`, `parameter` from `setting_crontab` where `status` = '1' [] {"request_id":"ffe01855-431e-413e-aeca-b573c84e0c2e","coroutine_id":1}
[2024-10-30 13:26:00] sql.INFO: [0.59] select `id`, `name`, `type`, `target`, `rule`, `parameter` from `setting_crontab` where `status` = '1' [] {"request_id":"ffe01855-431e-413e-aeca-b573c84e0c2e","coroutine_id":1}
[2024-10-30 13:27:00] sql.INFO: [0.83] select `id`, `name`, `type`, `target`, `rule`, `parameter` from `setting_crontab` where `status` = '1' [] {"request_id":"ffe01855-431e-413e-aeca-b573c84e0c2e","coroutine_id":1}
[2024-10-30 13:28:00] sql.INFO: [0.76] select `id`, `name`, `type`, `target`, `rule`, `parameter` from `setting_crontab` where `status` = '1' [] {"request_id":"ffe01855-431e-413e-aeca-b573c84e0c2e","coroutine_id":1}
[2024-10-30 13:29:00] sql.INFO: [0.59] select `id`, `name`, `type`, `target`, `rule`, `parameter` from `setting_crontab` where `status` = '1' [] {"request_id":"ffe01855-431e-413e-aeca-b573c84e0c2e","coroutine_id":1}
[2024-10-30 13:30:00] sql.INFO: [0.6] select `id`, `name`, `type`, `target`, `rule`, `parameter` from `setting_crontab` where `status` = '1' [] {"request_id":"ffe01855-431e-413e-aeca-b573c84e0c2e","coroutine_id":1}
[2024-10-30 13:31:00] sql.INFO: [0.6] select `id`, `name`, `type`, `target`, `rule`, `parameter` from `setting_crontab` where `status` = '1' [] {"request_id":"ffe01855-431e-413e-aeca-b573c84e0c2e","coroutine_id":1}
[2024-10-30 13:32:00] sql.INFO: [0.58] select `id`, `name`, `type`, `target`, `rule`, `parameter` from `setting_crontab` where `status` = '1' [] {"request_id":"ffe01855-431e-413e-aeca-b573c84e0c2e","coroutine_id":1}
[2024-10-30 13:33:00] sql.INFO: [0.57] select `id`, `name`, `type`, `target`, `rule`, `parameter` from `setting_crontab` where `status` = '1' [] {"request_id":"ffe01855-431e-413e-aeca-b573c84e0c2e","coroutine_id":1}
[2024-10-30 13:34:00] sql.INFO: [0.81] select `id`, `name`, `type`, `target`, `rule`, `parameter` from `setting_crontab` where `status` = '1' [] {"request_id":"ffe01855-431e-413e-aeca-b573c84e0c2e","coroutine_id":1}
[2024-10-30 13:35:00] sql.INFO: [0.6] select `id`, `name`, `type`, `target`, `rule`, `parameter` from `setting_crontab` where `status` = '1' [] {"request_id":"ffe01855-431e-413e-aeca-b573c84e0c2e","coroutine_id":1}
[2024-10-30 13:36:00] sql.INFO: [0.81] select `id`, `name`, `type`, `target`, `rule`, `parameter` from `setting_crontab` where `status` = '1' [] {"request_id":"ffe01855-431e-413e-aeca-b573c84e0c2e","coroutine_id":1}
[2024-10-30 13:37:00] sql.INFO: [0.6] select `id`, `name`, `type`, `target`, `rule`, `parameter` from `setting_crontab` where `status` = '1' [] {"request_id":"ffe01855-431e-413e-aeca-b573c84e0c2e","coroutine_id":1}
[2024-10-30 13:38:00] sql.INFO: [0.93] select `id`, `name`, `type`, `target`, `rule`, `parameter` from `setting_crontab` where `status` = '1' [] {"request_id":"ffe01855-431e-413e-aeca-b573c84e0c2e","coroutine_id":1}
[2024-10-30 13:39:00] sql.INFO: [0.57] select `id`, `name`, `type`, `target`, `rule`, `parameter` from `setting_crontab` where `status` = '1' [] {"request_id":"ffe01855-431e-413e-aeca-b573c84e0c2e","coroutine_id":1}
[2024-10-30 13:40:00] sql.INFO: [0.76] select `id`, `name`, `type`, `target`, `rule`, `parameter` from `setting_crontab` where `status` = '1' [] {"request_id":"ffe01855-431e-413e-aeca-b573c84e0c2e","coroutine_id":1}
[2024-10-30 13:41:00] sql.INFO: [0.57] select `id`, `name`, `type`, `target`, `rule`, `parameter` from `setting_crontab` where `status` = '1' [] {"request_id":"ffe01855-431e-413e-aeca-b573c84e0c2e","coroutine_id":1}
[2024-10-30 13:42:00] sql.INFO: [0.59] select `id`, `name`, `type`, `target`, `rule`, `parameter` from `setting_crontab` where `status` = '1' [] {"request_id":"ffe01855-431e-413e-aeca-b573c84e0c2e","coroutine_id":1}
[2024-10-30 13:43:00] sql.INFO: [0.55] select `id`, `name`, `type`, `target`, `rule`, `parameter` from `setting_crontab` where `status` = '1' [] {"request_id":"ffe01855-431e-413e-aeca-b573c84e0c2e","coroutine_id":1}
[2024-10-30 13:44:01] sql.INFO: [0.62] select `id`, `name`, `type`, `target`, `rule`, `parameter` from `setting_crontab` where `status` = '1' [] {"request_id":"ffe01855-431e-413e-aeca-b573c84e0c2e","coroutine_id":1}
[2024-10-30 13:45:00] sql.INFO: [2.57] select `id`, `name`, `type`, `target`, `rule`, `parameter` from `setting_crontab` where `status` = '1' [] {"request_id":"ffe01855-431e-413e-aeca-b573c84e0c2e","coroutine_id":1}
[2024-10-30 13:46:00] sql.INFO: [1.18] select `id`, `name`, `type`, `target`, `rule`, `parameter` from `setting_crontab` where `status` = '1' [] {"request_id":"ffe01855-431e-413e-aeca-b573c84e0c2e","coroutine_id":1}
[2024-10-30 13:47:00] sql.INFO: [0.73] select `id`, `name`, `type`, `target`, `rule`, `parameter` from `setting_crontab` where `status` = '1' [] {"request_id":"ffe01855-431e-413e-aeca-b573c84e0c2e","coroutine_id":1}
[2024-10-30 13:48:00] sql.INFO: [0.71] select `id`, `name`, `type`, `target`, `rule`, `parameter` from `setting_crontab` where `status` = '1' [] {"request_id":"ffe01855-431e-413e-aeca-b573c84e0c2e","coroutine_id":1}
[2024-10-30 13:49:00] sql.INFO: [0.66] select `id`, `name`, `type`, `target`, `rule`, `parameter` from `setting_crontab` where `status` = '1' [] {"request_id":"ffe01855-431e-413e-aeca-b573c84e0c2e","coroutine_id":1}
[2024-10-30 13:50:00] sql.INFO: [0.65] select `id`, `name`, `type`, `target`, `rule`, `parameter` from `setting_crontab` where `status` = '1' [] {"request_id":"ffe01855-431e-413e-aeca-b573c84e0c2e","coroutine_id":1}
[2024-10-30 13:51:00] sql.INFO: [0.64] select `id`, `name`, `type`, `target`, `rule`, `parameter` from `setting_crontab` where `status` = '1' [] {"request_id":"ffe01855-431e-413e-aeca-b573c84e0c2e","coroutine_id":1}
[2024-10-30 13:52:00] sql.INFO: [2.77] select `id`, `name`, `type`, `target`, `rule`, `parameter` from `setting_crontab` where `status` = '1' [] {"request_id":"ffe01855-431e-413e-aeca-b573c84e0c2e","coroutine_id":1}
[2024-10-30 13:53:00] sql.INFO: [0.71] select `id`, `name`, `type`, `target`, `rule`, `parameter` from `setting_crontab` where `status` = '1' [] {"request_id":"ffe01855-431e-413e-aeca-b573c84e0c2e","coroutine_id":1}
[2024-10-30 13:54:00] sql.INFO: [1.35] select `id`, `name`, `type`, `target`, `rule`, `parameter` from `setting_crontab` where `status` = '1' [] {"request_id":"ffe01855-431e-413e-aeca-b573c84e0c2e","coroutine_id":1}
[2024-10-30 13:55:00] sql.INFO: [0.91] select `id`, `name`, `type`, `target`, `rule`, `parameter` from `setting_crontab` where `status` = '1' [] {"request_id":"ffe01855-431e-413e-aeca-b573c84e0c2e","coroutine_id":1}
[2024-10-30 13:56:00] sql.INFO: [0.69] select `id`, `name`, `type`, `target`, `rule`, `parameter` from `setting_crontab` where `status` = '1' [] {"request_id":"ffe01855-431e-413e-aeca-b573c84e0c2e","coroutine_id":1}
[2024-10-30 13:57:00] sql.INFO: [0.9] select `id`, `name`, `type`, `target`, `rule`, `parameter` from `setting_crontab` where `status` = '1' [] {"request_id":"ffe01855-431e-413e-aeca-b573c84e0c2e","coroutine_id":1}
[2024-10-30 13:58:00] sql.INFO: [0.68] select `id`, `name`, `type`, `target`, `rule`, `parameter` from `setting_crontab` where `status` = '1' [] {"request_id":"ffe01855-431e-413e-aeca-b573c84e0c2e","coroutine_id":1}
[2024-10-30 13:59:00] sql.INFO: [1.01] select `id`, `name`, `type`, `target`, `rule`, `parameter` from `setting_crontab` where `status` = '1' [] {"request_id":"ffe01855-431e-413e-aeca-b573c84e0c2e","coroutine_id":1}
[2024-10-30 14:00:00] sql.INFO: [0.89] select `id`, `name`, `type`, `target`, `rule`, `parameter` from `setting_crontab` where `status` = '1' [] {"request_id":"ffe01855-431e-413e-aeca-b573c84e0c2e","coroutine_id":1}
[2024-10-30 14:01:00] sql.INFO: [0.9] select `id`, `name`, `type`, `target`, `rule`, `parameter` from `setting_crontab` where `status` = '1' [] {"request_id":"ffe01855-431e-413e-aeca-b573c84e0c2e","coroutine_id":1}
[2024-10-30 14:02:00] sql.INFO: [0.95] select `id`, `name`, `type`, `target`, `rule`, `parameter` from `setting_crontab` where `status` = '1' [] {"request_id":"ffe01855-431e-413e-aeca-b573c84e0c2e","coroutine_id":1}
[2024-10-30 14:03:00] sql.INFO: [1.36] select `id`, `name`, `type`, `target`, `rule`, `parameter` from `setting_crontab` where `status` = '1' [] {"request_id":"ffe01855-431e-413e-aeca-b573c84e0c2e","coroutine_id":1}
[2024-10-30 14:04:00] sql.INFO: [1.24] select `id`, `name`, `type`, `target`, `rule`, `parameter` from `setting_crontab` where `status` = '1' [] {"request_id":"ffe01855-431e-413e-aeca-b573c84e0c2e","coroutine_id":1}
[2024-10-30 14:05:00] sql.INFO: [0.89] select `id`, `name`, `type`, `target`, `rule`, `parameter` from `setting_crontab` where `status` = '1' [] {"request_id":"ffe01855-431e-413e-aeca-b573c84e0c2e","coroutine_id":1}
[2024-10-30 14:06:00] sql.INFO: [1.39] select `id`, `name`, `type`, `target`, `rule`, `parameter` from `setting_crontab` where `status` = '1' [] {"request_id":"ffe01855-431e-413e-aeca-b573c84e0c2e","coroutine_id":1}
[2024-10-30 14:07:00] sql.INFO: [0.61] select `id`, `name`, `type`, `target`, `rule`, `parameter` from `setting_crontab` where `status` = '1' [] {"request_id":"ffe01855-431e-413e-aeca-b573c84e0c2e","coroutine_id":1}
[2024-10-30 14:08:00] sql.INFO: [0.8] select `id`, `name`, `type`, `target`, `rule`, `parameter` from `setting_crontab` where `status` = '1' [] {"request_id":"ffe01855-431e-413e-aeca-b573c84e0c2e","coroutine_id":1}
[2024-10-30 14:09:00] sql.INFO: [0.69] select `id`, `name`, `type`, `target`, `rule`, `parameter` from `setting_crontab` where `status` = '1' [] {"request_id":"ffe01855-431e-413e-aeca-b573c84e0c2e","coroutine_id":1}
[2024-10-30 14:10:00] sql.INFO: [0.96] select `id`, `name`, `type`, `target`, `rule`, `parameter` from `setting_crontab` where `status` = '1' [] {"request_id":"ffe01855-431e-413e-aeca-b573c84e0c2e","coroutine_id":1}
[2024-10-30 14:11:00] sql.INFO: [1.02] select `id`, `name`, `type`, `target`, `rule`, `parameter` from `setting_crontab` where `status` = '1' [] {"request_id":"ffe01855-431e-413e-aeca-b573c84e0c2e","coroutine_id":1}
[2024-10-30 14:12:00] sql.INFO: [0.61] select `id`, `name`, `type`, `target`, `rule`, `parameter` from `setting_crontab` where `status` = '1' [] {"request_id":"ffe01855-431e-413e-aeca-b573c84e0c2e","coroutine_id":1}
[2024-10-30 14:13:00] sql.INFO: [0.63] select `id`, `name`, `type`, `target`, `rule`, `parameter` from `setting_crontab` where `status` = '1' [] {"request_id":"ffe01855-431e-413e-aeca-b573c84e0c2e","coroutine_id":1}
[2024-10-30 14:14:00] sql.INFO: [0.87] select `id`, `name`, `type`, `target`, `rule`, `parameter` from `setting_crontab` where `status` = '1' [] {"request_id":"ffe01855-431e-413e-aeca-b573c84e0c2e","coroutine_id":1}
[2024-10-30 14:15:00] sql.INFO: [1.24] select `id`, `name`, `type`, `target`, `rule`, `parameter` from `setting_crontab` where `status` = '1' [] {"request_id":"ffe01855-431e-413e-aeca-b573c84e0c2e","coroutine_id":1}
[2024-10-30 14:16:00] sql.INFO: [0.59] select `id`, `name`, `type`, `target`, `rule`, `parameter` from `setting_crontab` where `status` = '1' [] {"request_id":"ffe01855-431e-413e-aeca-b573c84e0c2e","coroutine_id":1}
[2024-10-30 14:17:00] sql.INFO: [0.65] select `id`, `name`, `type`, `target`, `rule`, `parameter` from `setting_crontab` where `status` = '1' [] {"request_id":"ffe01855-431e-413e-aeca-b573c84e0c2e","coroutine_id":1}
[2024-10-30 14:18:00] sql.INFO: [0.61] select `id`, `name`, `type`, `target`, `rule`, `parameter` from `setting_crontab` where `status` = '1' [] {"request_id":"ffe01855-431e-413e-aeca-b573c84e0c2e","coroutine_id":1}
[2024-10-30 14:19:00] sql.INFO: [0.6] select `id`, `name`, `type`, `target`, `rule`, `parameter` from `setting_crontab` where `status` = '1' [] {"request_id":"ffe01855-431e-413e-aeca-b573c84e0c2e","coroutine_id":1}
[2024-10-30 14:20:00] sql.INFO: [1.26] select `id`, `name`, `type`, `target`, `rule`, `parameter` from `setting_crontab` where `status` = '1' [] {"request_id":"ffe01855-431e-413e-aeca-b573c84e0c2e","coroutine_id":1}
[2024-10-30 14:21:00] sql.INFO: [0.87] select `id`, `name`, `type`, `target`, `rule`, `parameter` from `setting_crontab` where `status` = '1' [] {"request_id":"ffe01855-431e-413e-aeca-b573c84e0c2e","coroutine_id":1}
[2024-10-30 14:22:00] sql.INFO: [0.64] select `id`, `name`, `type`, `target`, `rule`, `parameter` from `setting_crontab` where `status` = '1' [] {"request_id":"ffe01855-431e-413e-aeca-b573c84e0c2e","coroutine_id":1}
[2024-10-30 14:23:00] sql.INFO: [0.73] select `id`, `name`, `type`, `target`, `rule`, `parameter` from `setting_crontab` where `status` = '1' [] {"request_id":"ffe01855-431e-413e-aeca-b573c84e0c2e","coroutine_id":1}
[2024-10-30 14:24:00] sql.INFO: [0.71] select `id`, `name`, `type`, `target`, `rule`, `parameter` from `setting_crontab` where `status` = '1' [] {"request_id":"ffe01855-431e-413e-aeca-b573c84e0c2e","coroutine_id":1}
[2024-10-30 14:25:00] sql.INFO: [0.95] select `id`, `name`, `type`, `target`, `rule`, `parameter` from `setting_crontab` where `status` = '1' [] {"request_id":"ffe01855-431e-413e-aeca-b573c84e0c2e","coroutine_id":1}
[2024-10-30 14:26:00] sql.INFO: [0.67] select `id`, `name`, `type`, `target`, `rule`, `parameter` from `setting_crontab` where `status` = '1' [] {"request_id":"ffe01855-431e-413e-aeca-b573c84e0c2e","coroutine_id":1}
[2024-10-30 14:27:00] sql.INFO: [0.78] select `id`, `name`, `type`, `target`, `rule`, `parameter` from `setting_crontab` where `status` = '1' [] {"request_id":"ffe01855-431e-413e-aeca-b573c84e0c2e","coroutine_id":1}
[2024-10-30 14:28:00] sql.INFO: [0.77] select `id`, `name`, `type`, `target`, `rule`, `parameter` from `setting_crontab` where `status` = '1' [] {"request_id":"ffe01855-431e-413e-aeca-b573c84e0c2e","coroutine_id":1}
[2024-10-30 14:29:00] sql.INFO: [0.63] select `id`, `name`, `type`, `target`, `rule`, `parameter` from `setting_crontab` where `status` = '1' [] {"request_id":"ffe01855-431e-413e-aeca-b573c84e0c2e","coroutine_id":1}
[2024-10-30 14:30:00] sql.INFO: [0.67] select `id`, `name`, `type`, `target`, `rule`, `parameter` from `setting_crontab` where `status` = '1' [] {"request_id":"ffe01855-431e-413e-aeca-b573c84e0c2e","coroutine_id":1}
[2024-10-30 14:31:00] sql.INFO: [0.75] select `id`, `name`, `type`, `target`, `rule`, `parameter` from `setting_crontab` where `status` = '1' [] {"request_id":"ffe01855-431e-413e-aeca-b573c84e0c2e","coroutine_id":1}
[2024-10-30 14:32:00] sql.INFO: [0.61] select `id`, `name`, `type`, `target`, `rule`, `parameter` from `setting_crontab` where `status` = '1' [] {"request_id":"ffe01855-431e-413e-aeca-b573c84e0c2e","coroutine_id":1}
[2024-10-30 14:33:00] sql.INFO: [1.99] select `id`, `name`, `type`, `target`, `rule`, `parameter` from `setting_crontab` where `status` = '1' [] {"request_id":"ffe01855-431e-413e-aeca-b573c84e0c2e","coroutine_id":1}
[2024-10-30 14:34:00] sql.INFO: [1.02] select `id`, `name`, `type`, `target`, `rule`, `parameter` from `setting_crontab` where `status` = '1' [] {"request_id":"ffe01855-431e-413e-aeca-b573c84e0c2e","coroutine_id":1}
[2024-10-30 14:35:00] sql.INFO: [0.82] select `id`, `name`, `type`, `target`, `rule`, `parameter` from `setting_crontab` where `status` = '1' [] {"request_id":"ffe01855-431e-413e-aeca-b573c84e0c2e","coroutine_id":1}
[2024-10-30 14:36:00] sql.INFO: [1.28] select `id`, `name`, `type`, `target`, `rule`, `parameter` from `setting_crontab` where `status` = '1' [] {"request_id":"ffe01855-431e-413e-aeca-b573c84e0c2e","coroutine_id":1}
[2024-10-30 14:37:00] sql.INFO: [0.97] select `id`, `name`, `type`, `target`, `rule`, `parameter` from `setting_crontab` where `status` = '1' [] {"request_id":"ffe01855-431e-413e-aeca-b573c84e0c2e","coroutine_id":1}
[2024-10-30 14:38:00] sql.INFO: [1.19] select `id`, `name`, `type`, `target`, `rule`, `parameter` from `setting_crontab` where `status` = '1' [] {"request_id":"ffe01855-431e-413e-aeca-b573c84e0c2e","coroutine_id":1}
[2024-10-30 14:39:00] sql.INFO: [1.05] select `id`, `name`, `type`, `target`, `rule`, `parameter` from `setting_crontab` where `status` = '1' [] {"request_id":"ffe01855-431e-413e-aeca-b573c84e0c2e","coroutine_id":1}
[2024-10-30 14:40:00] sql.INFO: [0.72] select `id`, `name`, `type`, `target`, `rule`, `parameter` from `setting_crontab` where `status` = '1' [] {"request_id":"ffe01855-431e-413e-aeca-b573c84e0c2e","coroutine_id":1}
[2024-10-30 14:41:00] sql.INFO: [0.61] select `id`, `name`, `type`, `target`, `rule`, `parameter` from `setting_crontab` where `status` = '1' [] {"request_id":"ffe01855-431e-413e-aeca-b573c84e0c2e","coroutine_id":1}
[2024-10-30 14:42:00] sql.INFO: [1.02] select `id`, `name`, `type`, `target`, `rule`, `parameter` from `setting_crontab` where `status` = '1' [] {"request_id":"ffe01855-431e-413e-aeca-b573c84e0c2e","coroutine_id":1}
[2024-10-30 14:43:00] sql.INFO: [1.91] select `id`, `name`, `type`, `target`, `rule`, `parameter` from `setting_crontab` where `status` = '1' [] {"request_id":"ffe01855-431e-413e-aeca-b573c84e0c2e","coroutine_id":1}
[2024-10-30 14:44:00] sql.INFO: [1.52] select `id`, `name`, `type`, `target`, `rule`, `parameter` from `setting_crontab` where `status` = '1' [] {"request_id":"ffe01855-431e-413e-aeca-b573c84e0c2e","coroutine_id":1}
[2024-10-30 14:45:00] sql.INFO: [0.81] select `id`, `name`, `type`, `target`, `rule`, `parameter` from `setting_crontab` where `status` = '1' [] {"request_id":"ffe01855-431e-413e-aeca-b573c84e0c2e","coroutine_id":1}
[2024-10-30 14:46:00] sql.INFO: [2] select `id`, `name`, `type`, `target`, `rule`, `parameter` from `setting_crontab` where `status` = '1' [] {"request_id":"ffe01855-431e-413e-aeca-b573c84e0c2e","coroutine_id":1}
[2024-10-30 14:47:00] sql.INFO: [0.74] select `id`, `name`, `type`, `target`, `rule`, `parameter` from `setting_crontab` where `status` = '1' [] {"request_id":"ffe01855-431e-413e-aeca-b573c84e0c2e","coroutine_id":1}
[2024-10-30 14:48:00] sql.INFO: [0.62] select `id`, `name`, `type`, `target`, `rule`, `parameter` from `setting_crontab` where `status` = '1' [] {"request_id":"ffe01855-431e-413e-aeca-b573c84e0c2e","coroutine_id":1}
[2024-10-30 14:49:00] sql.INFO: [1.37] select `id`, `name`, `type`, `target`, `rule`, `parameter` from `setting_crontab` where `status` = '1' [] {"request_id":"ffe01855-431e-413e-aeca-b573c84e0c2e","coroutine_id":1}
[2024-10-30 14:50:00] sql.INFO: [0.73] select `id`, `name`, `type`, `target`, `rule`, `parameter` from `setting_crontab` where `status` = '1' [] {"request_id":"ffe01855-431e-413e-aeca-b573c84e0c2e","coroutine_id":1}
[2024-10-30 14:51:00] sql.INFO: [1.11] select `id`, `name`, `type`, `target`, `rule`, `parameter` from `setting_crontab` where `status` = '1' [] {"request_id":"ffe01855-431e-413e-aeca-b573c84e0c2e","coroutine_id":1}
[2024-10-30 14:52:00] sql.INFO: [0.73] select `id`, `name`, `type`, `target`, `rule`, `parameter` from `setting_crontab` where `status` = '1' [] {"request_id":"ffe01855-431e-413e-aeca-b573c84e0c2e","coroutine_id":1}
[2024-10-30 14:53:00] sql.INFO: [0.65] select `id`, `name`, `type`, `target`, `rule`, `parameter` from `setting_crontab` where `status` = '1' [] {"request_id":"ffe01855-431e-413e-aeca-b573c84e0c2e","coroutine_id":1}
[2024-10-30 14:54:00] sql.INFO: [0.59] select `id`, `name`, `type`, `target`, `rule`, `parameter` from `setting_crontab` where `status` = '1' [] {"request_id":"ffe01855-431e-413e-aeca-b573c84e0c2e","coroutine_id":1}
[2024-10-30 14:55:00] sql.INFO: [0.61] select `id`, `name`, `type`, `target`, `rule`, `parameter` from `setting_crontab` where `status` = '1' [] {"request_id":"ffe01855-431e-413e-aeca-b573c84e0c2e","coroutine_id":1}
[2024-10-30 14:56:00] sql.INFO: [0.76] select `id`, `name`, `type`, `target`, `rule`, `parameter` from `setting_crontab` where `status` = '1' [] {"request_id":"ffe01855-431e-413e-aeca-b573c84e0c2e","coroutine_id":1}
[2024-10-30 14:57:00] sql.INFO: [0.88] select `id`, `name`, `type`, `target`, `rule`, `parameter` from `setting_crontab` where `status` = '1' [] {"request_id":"ffe01855-431e-413e-aeca-b573c84e0c2e","coroutine_id":1}
[2024-10-30 14:58:00] sql.INFO: [0.94] select `id`, `name`, `type`, `target`, `rule`, `parameter` from `setting_crontab` where `status` = '1' [] {"request_id":"ffe01855-431e-413e-aeca-b573c84e0c2e","coroutine_id":1}
[2024-10-30 14:59:00] sql.INFO: [0.56] select `id`, `name`, `type`, `target`, `rule`, `parameter` from `setting_crontab` where `status` = '1' [] {"request_id":"ffe01855-431e-413e-aeca-b573c84e0c2e","coroutine_id":1}
[2024-10-30 15:00:00] sql.INFO: [0.66] select `id`, `name`, `type`, `target`, `rule`, `parameter` from `setting_crontab` where `status` = '1' [] {"request_id":"ffe01855-431e-413e-aeca-b573c84e0c2e","coroutine_id":1}
[2024-10-30 15:01:00] sql.INFO: [0.6] select `id`, `name`, `type`, `target`, `rule`, `parameter` from `setting_crontab` where `status` = '1' [] {"request_id":"ffe01855-431e-413e-aeca-b573c84e0c2e","coroutine_id":1}
[2024-10-30 15:02:00] sql.INFO: [0.58] select `id`, `name`, `type`, `target`, `rule`, `parameter` from `setting_crontab` where `status` = '1' [] {"request_id":"ffe01855-431e-413e-aeca-b573c84e0c2e","coroutine_id":1}
[2024-10-30 15:03:00] sql.INFO: [0.86] select `id`, `name`, `type`, `target`, `rule`, `parameter` from `setting_crontab` where `status` = '1' [] {"request_id":"ffe01855-431e-413e-aeca-b573c84e0c2e","coroutine_id":1}
[2024-10-30 15:04:00] sql.INFO: [0.61] select `id`, `name`, `type`, `target`, `rule`, `parameter` from `setting_crontab` where `status` = '1' [] {"request_id":"ffe01855-431e-413e-aeca-b573c84e0c2e","coroutine_id":1}
[2024-10-30 15:05:00] sql.INFO: [0.99] select `id`, `name`, `type`, `target`, `rule`, `parameter` from `setting_crontab` where `status` = '1' [] {"request_id":"ffe01855-431e-413e-aeca-b573c84e0c2e","coroutine_id":1}
[2024-10-30 15:06:00] sql.INFO: [1.1] select `id`, `name`, `type`, `target`, `rule`, `parameter` from `setting_crontab` where `status` = '1' [] {"request_id":"ffe01855-431e-413e-aeca-b573c84e0c2e","coroutine_id":1}
[2024-10-30 15:07:00] sql.INFO: [0.7] select `id`, `name`, `type`, `target`, `rule`, `parameter` from `setting_crontab` where `status` = '1' [] {"request_id":"ffe01855-431e-413e-aeca-b573c84e0c2e","coroutine_id":1}
[2024-10-30 15:08:00] sql.INFO: [0.66] select `id`, `name`, `type`, `target`, `rule`, `parameter` from `setting_crontab` where `status` = '1' [] {"request_id":"ffe01855-431e-413e-aeca-b573c84e0c2e","coroutine_id":1}
[2024-10-30 15:09:00] sql.INFO: [1.93] select `id`, `name`, `type`, `target`, `rule`, `parameter` from `setting_crontab` where `status` = '1' [] {"request_id":"ffe01855-431e-413e-aeca-b573c84e0c2e","coroutine_id":1}
[2024-10-30 15:10:00] sql.INFO: [0.58] select `id`, `name`, `type`, `target`, `rule`, `parameter` from `setting_crontab` where `status` = '1' [] {"request_id":"ffe01855-431e-413e-aeca-b573c84e0c2e","coroutine_id":1}
[2024-10-30 15:11:00] sql.INFO: [0.69] select `id`, `name`, `type`, `target`, `rule`, `parameter` from `setting_crontab` where `status` = '1' [] {"request_id":"ffe01855-431e-413e-aeca-b573c84e0c2e","coroutine_id":1}
[2024-10-30 15:12:00] sql.INFO: [0.87] select `id`, `name`, `type`, `target`, `rule`, `parameter` from `setting_crontab` where `status` = '1' [] {"request_id":"ffe01855-431e-413e-aeca-b573c84e0c2e","coroutine_id":1}
[2024-10-30 15:13:00] sql.INFO: [1.18] select `id`, `name`, `type`, `target`, `rule`, `parameter` from `setting_crontab` where `status` = '1' [] {"request_id":"ffe01855-431e-413e-aeca-b573c84e0c2e","coroutine_id":1}
[2024-10-30 15:14:00] sql.INFO: [0.65] select `id`, `name`, `type`, `target`, `rule`, `parameter` from `setting_crontab` where `status` = '1' [] {"request_id":"ffe01855-431e-413e-aeca-b573c84e0c2e","coroutine_id":1}
[2024-10-30 15:15:00] sql.INFO: [0.64] select `id`, `name`, `type`, `target`, `rule`, `parameter` from `setting_crontab` where `status` = '1' [] {"request_id":"ffe01855-431e-413e-aeca-b573c84e0c2e","coroutine_id":1}
[2024-10-30 15:16:00] sql.INFO: [0.72] select `id`, `name`, `type`, `target`, `rule`, `parameter` from `setting_crontab` where `status` = '1' [] {"request_id":"ffe01855-431e-413e-aeca-b573c84e0c2e","coroutine_id":1}
[2024-10-30 15:17:00] sql.INFO: [0.66] select `id`, `name`, `type`, `target`, `rule`, `parameter` from `setting_crontab` where `status` = '1' [] {"request_id":"ffe01855-431e-413e-aeca-b573c84e0c2e","coroutine_id":1}
[2024-10-30 15:18:00] sql.INFO: [0.6] select `id`, `name`, `type`, `target`, `rule`, `parameter` from `setting_crontab` where `status` = '1' [] {"request_id":"ffe01855-431e-413e-aeca-b573c84e0c2e","coroutine_id":1}
[2024-10-30 15:19:00] sql.INFO: [0.67] select `id`, `name`, `type`, `target`, `rule`, `parameter` from `setting_crontab` where `status` = '1' [] {"request_id":"ffe01855-431e-413e-aeca-b573c84e0c2e","coroutine_id":1}
[2024-10-30 15:20:00] sql.INFO: [0.64] select `id`, `name`, `type`, `target`, `rule`, `parameter` from `setting_crontab` where `status` = '1' [] {"request_id":"ffe01855-431e-413e-aeca-b573c84e0c2e","coroutine_id":1}
[2024-10-30 15:21:00] sql.INFO: [0.86] select `id`, `name`, `type`, `target`, `rule`, `parameter` from `setting_crontab` where `status` = '1' [] {"request_id":"ffe01855-431e-413e-aeca-b573c84e0c2e","coroutine_id":1}
[2024-10-30 15:22:00] sql.INFO: [0.85] select `id`, `name`, `type`, `target`, `rule`, `parameter` from `setting_crontab` where `status` = '1' [] {"request_id":"ffe01855-431e-413e-aeca-b573c84e0c2e","coroutine_id":1}
[2024-10-30 15:23:00] sql.INFO: [0.54] select `id`, `name`, `type`, `target`, `rule`, `parameter` from `setting_crontab` where `status` = '1' [] {"request_id":"ffe01855-431e-413e-aeca-b573c84e0c2e","coroutine_id":1}
[2024-10-30 15:24:00] sql.INFO: [0.58] select `id`, `name`, `type`, `target`, `rule`, `parameter` from `setting_crontab` where `status` = '1' [] {"request_id":"ffe01855-431e-413e-aeca-b573c84e0c2e","coroutine_id":1}
[2024-10-30 15:25:00] sql.INFO: [0.62] select `id`, `name`, `type`, `target`, `rule`, `parameter` from `setting_crontab` where `status` = '1' [] {"request_id":"ffe01855-431e-413e-aeca-b573c84e0c2e","coroutine_id":1}
[2024-10-30 15:26:00] sql.INFO: [0.57] select `id`, `name`, `type`, `target`, `rule`, `parameter` from `setting_crontab` where `status` = '1' [] {"request_id":"ffe01855-431e-413e-aeca-b573c84e0c2e","coroutine_id":1}
[2024-10-30 15:27:00] sql.INFO: [0.6] select `id`, `name`, `type`, `target`, `rule`, `parameter` from `setting_crontab` where `status` = '1' [] {"request_id":"ffe01855-431e-413e-aeca-b573c84e0c2e","coroutine_id":1}
[2024-10-30 15:28:00] sql.INFO: [0.57] select `id`, `name`, `type`, `target`, `rule`, `parameter` from `setting_crontab` where `status` = '1' [] {"request_id":"ffe01855-431e-413e-aeca-b573c84e0c2e","coroutine_id":1}
[2024-10-30 15:29:00] sql.INFO: [0.6] select `id`, `name`, `type`, `target`, `rule`, `parameter` from `setting_crontab` where `status` = '1' [] {"request_id":"ffe01855-431e-413e-aeca-b573c84e0c2e","coroutine_id":1}
[2024-10-30 15:30:00] sql.INFO: [0.68] select `id`, `name`, `type`, `target`, `rule`, `parameter` from `setting_crontab` where `status` = '1' [] {"request_id":"ffe01855-431e-413e-aeca-b573c84e0c2e","coroutine_id":1}
[2024-10-30 15:31:00] sql.INFO: [0.56] select `id`, `name`, `type`, `target`, `rule`, `parameter` from `setting_crontab` where `status` = '1' [] {"request_id":"ffe01855-431e-413e-aeca-b573c84e0c2e","coroutine_id":1}
[2024-10-30 15:32:00] sql.INFO: [0.77] select `id`, `name`, `type`, `target`, `rule`, `parameter` from `setting_crontab` where `status` = '1' [] {"request_id":"ffe01855-431e-413e-aeca-b573c84e0c2e","coroutine_id":1}
[2024-10-30 15:33:00] sql.INFO: [0.76] select `id`, `name`, `type`, `target`, `rule`, `parameter` from `setting_crontab` where `status` = '1' [] {"request_id":"ffe01855-431e-413e-aeca-b573c84e0c2e","coroutine_id":1}
[2024-10-30 15:34:00] sql.INFO: [0.6] select `id`, `name`, `type`, `target`, `rule`, `parameter` from `setting_crontab` where `status` = '1' [] {"request_id":"ffe01855-431e-413e-aeca-b573c84e0c2e","coroutine_id":1}
[2024-10-30 15:35:00] sql.INFO: [0.64] select `id`, `name`, `type`, `target`, `rule`, `parameter` from `setting_crontab` where `status` = '1' [] {"request_id":"ffe01855-431e-413e-aeca-b573c84e0c2e","coroutine_id":1}
[2024-10-30 15:36:00] sql.INFO: [0.64] select `id`, `name`, `type`, `target`, `rule`, `parameter` from `setting_crontab` where `status` = '1' [] {"request_id":"ffe01855-431e-413e-aeca-b573c84e0c2e","coroutine_id":1}
[2024-10-30 15:37:00] sql.INFO: [0.56] select `id`, `name`, `type`, `target`, `rule`, `parameter` from `setting_crontab` where `status` = '1' [] {"request_id":"ffe01855-431e-413e-aeca-b573c84e0c2e","coroutine_id":1}
[2024-10-30 15:38:00] sql.INFO: [0.66] select `id`, `name`, `type`, `target`, `rule`, `parameter` from `setting_crontab` where `status` = '1' [] {"request_id":"ffe01855-431e-413e-aeca-b573c84e0c2e","coroutine_id":1}
[2024-10-30 15:39:00] sql.INFO: [1.47] select `id`, `name`, `type`, `target`, `rule`, `parameter` from `setting_crontab` where `status` = '1' [] {"request_id":"ffe01855-431e-413e-aeca-b573c84e0c2e","coroutine_id":1}
[2024-10-30 15:40:00] sql.INFO: [0.69] select `id`, `name`, `type`, `target`, `rule`, `parameter` from `setting_crontab` where `status` = '1' [] {"request_id":"ffe01855-431e-413e-aeca-b573c84e0c2e","coroutine_id":1}
[2024-10-30 15:41:00] sql.INFO: [1.65] select `id`, `name`, `type`, `target`, `rule`, `parameter` from `setting_crontab` where `status` = '1' [] {"request_id":"ffe01855-431e-413e-aeca-b573c84e0c2e","coroutine_id":1}
[2024-10-30 15:42:00] sql.INFO: [0.71] select `id`, `name`, `type`, `target`, `rule`, `parameter` from `setting_crontab` where `status` = '1' [] {"request_id":"ffe01855-431e-413e-aeca-b573c84e0c2e","coroutine_id":1}
[2024-10-30 15:43:00] sql.INFO: [0.59] select `id`, `name`, `type`, `target`, `rule`, `parameter` from `setting_crontab` where `status` = '1' [] {"request_id":"ffe01855-431e-413e-aeca-b573c84e0c2e","coroutine_id":1}
[2024-10-30 15:44:00] sql.INFO: [0.61] select `id`, `name`, `type`, `target`, `rule`, `parameter` from `setting_crontab` where `status` = '1' [] {"request_id":"ffe01855-431e-413e-aeca-b573c84e0c2e","coroutine_id":1}
[2024-10-30 15:45:00] sql.INFO: [0.58] select `id`, `name`, `type`, `target`, `rule`, `parameter` from `setting_crontab` where `status` = '1' [] {"request_id":"ffe01855-431e-413e-aeca-b573c84e0c2e","coroutine_id":1}
[2024-10-30 15:46:00] sql.INFO: [0.67] select `id`, `name`, `type`, `target`, `rule`, `parameter` from `setting_crontab` where `status` = '1' [] {"request_id":"ffe01855-431e-413e-aeca-b573c84e0c2e","coroutine_id":1}
[2024-10-30 15:47:00] sql.INFO: [0.77] select `id`, `name`, `type`, `target`, `rule`, `parameter` from `setting_crontab` where `status` = '1' [] {"request_id":"ffe01855-431e-413e-aeca-b573c84e0c2e","coroutine_id":1}
[2024-10-30 15:48:00] sql.INFO: [0.55] select `id`, `name`, `type`, `target`, `rule`, `parameter` from `setting_crontab` where `status` = '1' [] {"request_id":"ffe01855-431e-413e-aeca-b573c84e0c2e","coroutine_id":1}
[2024-10-30 15:49:00] sql.INFO: [0.6] select `id`, `name`, `type`, `target`, `rule`, `parameter` from `setting_crontab` where `status` = '1' [] {"request_id":"ffe01855-431e-413e-aeca-b573c84e0c2e","coroutine_id":1}
[2024-10-30 15:50:00] sql.INFO: [0.58] select `id`, `name`, `type`, `target`, `rule`, `parameter` from `setting_crontab` where `status` = '1' [] {"request_id":"ffe01855-431e-413e-aeca-b573c84e0c2e","coroutine_id":1}
