[2024-10-25 02:28:00] sql.INFO: [7.29] select `id`, `name`, `type`, `target`, `rule`, `parameter` from `setting_crontab` where `status` = '1' [] {"request_id":"4f95c5c2-e07c-4e9f-a96c-6c8cf0751447","coroutine_id":1}
[2024-10-25 02:29:00] sql.INFO: [0.67] select `id`, `name`, `type`, `target`, `rule`, `parameter` from `setting_crontab` where `status` = '1' [] {"request_id":"4f95c5c2-e07c-4e9f-a96c-6c8cf0751447","coroutine_id":1}
[2024-10-25 02:30:00] sql.INFO: [0.61] select `id`, `name`, `type`, `target`, `rule`, `parameter` from `setting_crontab` where `status` = '1' [] {"request_id":"4f95c5c2-e07c-4e9f-a96c-6c8cf0751447","coroutine_id":1}
[2024-10-25 02:31:00] sql.INFO: [2.86] select `id`, `name`, `type`, `target`, `rule`, `parameter` from `setting_crontab` where `status` = '1' [] {"request_id":"4f95c5c2-e07c-4e9f-a96c-6c8cf0751447","coroutine_id":1}
[2024-10-25 02:32:00] sql.INFO: [0.58] select `id`, `name`, `type`, `target`, `rule`, `parameter` from `setting_crontab` where `status` = '1' [] {"request_id":"4f95c5c2-e07c-4e9f-a96c-6c8cf0751447","coroutine_id":1}
[2024-10-25 02:33:00] sql.INFO: [0.61] select `id`, `name`, `type`, `target`, `rule`, `parameter` from `setting_crontab` where `status` = '1' [] {"request_id":"4f95c5c2-e07c-4e9f-a96c-6c8cf0751447","coroutine_id":1}
[2024-10-25 02:34:00] sql.INFO: [0.67] select `id`, `name`, `type`, `target`, `rule`, `parameter` from `setting_crontab` where `status` = '1' [] {"request_id":"4f95c5c2-e07c-4e9f-a96c-6c8cf0751447","coroutine_id":1}
[2024-10-25 02:35:00] sql.INFO: [0.66] select `id`, `name`, `type`, `target`, `rule`, `parameter` from `setting_crontab` where `status` = '1' [] {"request_id":"4f95c5c2-e07c-4e9f-a96c-6c8cf0751447","coroutine_id":1}
[2024-10-25 02:36:00] sql.INFO: [0.57] select `id`, `name`, `type`, `target`, `rule`, `parameter` from `setting_crontab` where `status` = '1' [] {"request_id":"4f95c5c2-e07c-4e9f-a96c-6c8cf0751447","coroutine_id":1}
[2024-10-25 02:37:01] sql.INFO: [4.43] select `id`, `name`, `type`, `target`, `rule`, `parameter` from `setting_crontab` where `status` = '1' [] {"request_id":"c520fa75-d8af-40b9-8470-b0869628c6ef","coroutine_id":1}
[2024-10-25 02:38:00] sql.INFO: [1.26] select `id`, `name`, `type`, `target`, `rule`, `parameter` from `setting_crontab` where `status` = '1' [] {"request_id":"c520fa75-d8af-40b9-8470-b0869628c6ef","coroutine_id":1}
[2024-10-25 02:39:00] sql.INFO: [0.82] select `id`, `name`, `type`, `target`, `rule`, `parameter` from `setting_crontab` where `status` = '1' [] {"request_id":"c520fa75-d8af-40b9-8470-b0869628c6ef","coroutine_id":1}
[2024-10-25 02:40:00] sql.INFO: [79.98] select `id`, `name`, `type`, `target`, `rule`, `parameter` from `setting_crontab` where `status` = '1' [] {"request_id":"c520fa75-d8af-40b9-8470-b0869628c6ef","coroutine_id":1}
[2024-10-25 02:43:10] sql.INFO: [12917.11] select `id`, `name`, `type`, `target`, `rule`, `parameter` from `setting_crontab` where `status` = '1' [] {"request_id":"c520fa75-d8af-40b9-8470-b0869628c6ef","coroutine_id":1}
[2024-10-25 02:44:00] sql.INFO: [39.97] select `id`, `name`, `type`, `target`, `rule`, `parameter` from `setting_crontab` where `status` = '1' [] {"request_id":"c8a9b733-cbdd-41af-940a-220cd57271da","coroutine_id":1}
[2024-10-25 02:45:00] sql.INFO: [1.56] select `id`, `name`, `type`, `target`, `rule`, `parameter` from `setting_crontab` where `status` = '1' [] {"request_id":"c8a9b733-cbdd-41af-940a-220cd57271da","coroutine_id":1}
[2024-10-25 02:50:19] sql.INFO: [4926.34] select `id`, `name`, `type`, `target`, `rule`, `parameter` from `setting_crontab` where `status` = '1' [] {"request_id":"c8a9b733-cbdd-41af-940a-220cd57271da","coroutine_id":1}
[2024-10-25 02:51:06] sql.INFO: [4698.24] select `id`, `name`, `type`, `target`, `rule`, `parameter` from `setting_crontab` where `status` = '1' [] {"request_id":"c8a9b733-cbdd-41af-940a-220cd57271da","coroutine_id":1}
[2024-10-25 02:54:04] sql.INFO: [48482.9] select `id`, `name`, `type`, `target`, `rule`, `parameter` from `setting_crontab` where `status` = '1' [] {"request_id":"c8a9b733-cbdd-41af-940a-220cd57271da","coroutine_id":1}
[2024-10-25 02:57:31] sql.INFO: [40006.98] select `id`, `name`, `type`, `target`, `rule`, `parameter` from `setting_crontab` where `status` = '1' [] {"request_id":"c8a9b733-cbdd-41af-940a-220cd57271da","coroutine_id":1}
[2024-10-25 03:01:31] sql.INFO: [16175.65] select `id`, `name`, `type`, `target`, `rule`, `parameter` from `setting_crontab` where `status` = '1' [] {"request_id":"c8a9b733-cbdd-41af-940a-220cd57271da","coroutine_id":1}
[2024-10-25 03:03:44] sql.INFO: [406.1] select `id`, `name`, `type`, `target`, `rule`, `parameter` from `setting_crontab` where `status` = '1' [] {"request_id":"c8a9b733-cbdd-41af-940a-220cd57271da","coroutine_id":1}
[2024-10-25 03:04:00] sql.INFO: [0.57] select `id`, `name`, `type`, `target`, `rule`, `parameter` from `setting_crontab` where `status` = '1' [] {"request_id":"c8a9b733-cbdd-41af-940a-220cd57271da","coroutine_id":1}
[2024-10-25 11:33:00] sql.INFO: [43.03] select `id`, `name`, `type`, `target`, `rule`, `parameter` from `setting_crontab` where `status` = '1' [] {"request_id":"43e99342-36c7-43e0-9663-288aed9fa142","coroutine_id":1}
[2024-10-25 11:33:16] sql.INFO: [5.95] select * from `system_user` where `username` = 'superAdmin' and `system_user`.`deleted_at` is null limit 1 [] {"request_id":"644125ec-96d2-4866-bba6-ed3ea336447f","coroutine_id":6}
[2024-10-25 11:33:16] sql.INFO: [6.59] insert into `system_login_log` (`username`, `ip`, `ip_location`, `os`, `browser`, `status`, `message`, `login_time`) values ('superAdmin', '127.0.0.1', '未知', 'Windows 10', 'Chrome', '1', '登录成功', '2024-10-25 11:33:16') [] {"request_id":"644125ec-96d2-4866-bba6-ed3ea336447f","coroutine_id":6}
[2024-10-25 11:33:16] sql.INFO: [9.42] update `system_user` set `login_ip` = '127.0.0.1', `login_time` = '2024-10-25 11:33:16', `system_user`.`updated_at` = '2024-10-25 11:33:16' where `id` = '1' and `system_user`.`deleted_at` is null [] {"request_id":"644125ec-96d2-4866-bba6-ed3ea336447f","coroutine_id":6}
[2024-10-25 11:33:19] sql.INFO: [1.81] select `group_id`, `name`, `key`, `value`, `sort`, `input_type`, `config_select_data` from `setting_config` where `setting_config`.`key` = 'upload_mode' limit 1 [] {"request_id":"8219e882-bb92-4bcd-aae5-99047b5f0611","coroutine_id":10}
[2024-10-25 11:33:19] sql.INFO: [4.53] select count(*) as aggregate from `system_notice` where `system_notice`.`deleted_at` is null [] {"request_id":"8219e882-bb92-4bcd-aae5-99047b5f0611","coroutine_id":10}
[2024-10-25 11:38:00] sql.INFO: [3.48] select `id`, `name`, `type`, `target`, `rule`, `parameter` from `setting_crontab` where `status` = '1' [] {"request_id":"f89acfb2-6e83-45db-8c92-fdcc93abc875","coroutine_id":1}
[2024-10-25 11:38:40] sql.INFO: [146.05] select count(*) as aggregate from `system_notice` where `system_notice`.`deleted_at` is null [] {"request_id":"852e9f9a-41db-49b6-92aa-2091e3a4e64a","coroutine_id":4}
[2024-10-25 12:09:00] sql.INFO: [3.52] select `id`, `name`, `type`, `target`, `rule`, `parameter` from `setting_crontab` where `status` = '1' [] {"request_id":"b25d1e1a-f9ea-4775-a08d-40ccf9461b40","coroutine_id":1}
[2024-10-25 12:10:00] sql.INFO: [0.79] select `id`, `name`, `type`, `target`, `rule`, `parameter` from `setting_crontab` where `status` = '1' [] {"request_id":"b25d1e1a-f9ea-4775-a08d-40ccf9461b40","coroutine_id":1}
[2024-10-25 12:11:00] sql.INFO: [0.67] select `id`, `name`, `type`, `target`, `rule`, `parameter` from `setting_crontab` where `status` = '1' [] {"request_id":"b25d1e1a-f9ea-4775-a08d-40ccf9461b40","coroutine_id":1}
[2024-10-25 12:12:00] sql.INFO: [0.7] select `id`, `name`, `type`, `target`, `rule`, `parameter` from `setting_crontab` where `status` = '1' [] {"request_id":"b25d1e1a-f9ea-4775-a08d-40ccf9461b40","coroutine_id":1}
[2024-10-25 12:13:00] sql.INFO: [0.66] select `id`, `name`, `type`, `target`, `rule`, `parameter` from `setting_crontab` where `status` = '1' [] {"request_id":"b25d1e1a-f9ea-4775-a08d-40ccf9461b40","coroutine_id":1}
[2024-10-25 12:14:00] sql.INFO: [0.64] select `id`, `name`, `type`, `target`, `rule`, `parameter` from `setting_crontab` where `status` = '1' [] {"request_id":"b25d1e1a-f9ea-4775-a08d-40ccf9461b40","coroutine_id":1}
[2024-10-25 12:15:00] sql.INFO: [0.68] select `id`, `name`, `type`, `target`, `rule`, `parameter` from `setting_crontab` where `status` = '1' [] {"request_id":"b25d1e1a-f9ea-4775-a08d-40ccf9461b40","coroutine_id":1}
[2024-10-25 12:16:00] sql.INFO: [0.85] select `id`, `name`, `type`, `target`, `rule`, `parameter` from `setting_crontab` where `status` = '1' [] {"request_id":"b25d1e1a-f9ea-4775-a08d-40ccf9461b40","coroutine_id":1}
[2024-10-25 12:17:00] sql.INFO: [0.79] select `id`, `name`, `type`, `target`, `rule`, `parameter` from `setting_crontab` where `status` = '1' [] {"request_id":"b25d1e1a-f9ea-4775-a08d-40ccf9461b40","coroutine_id":1}
[2024-10-25 12:18:00] sql.INFO: [0.86] select `id`, `name`, `type`, `target`, `rule`, `parameter` from `setting_crontab` where `status` = '1' [] {"request_id":"b25d1e1a-f9ea-4775-a08d-40ccf9461b40","coroutine_id":1}
[2024-10-25 12:19:00] sql.INFO: [1.62] select `id`, `name`, `type`, `target`, `rule`, `parameter` from `setting_crontab` where `status` = '1' [] {"request_id":"b25d1e1a-f9ea-4775-a08d-40ccf9461b40","coroutine_id":1}
[2024-10-25 12:20:00] sql.INFO: [0.77] select `id`, `name`, `type`, `target`, `rule`, `parameter` from `setting_crontab` where `status` = '1' [] {"request_id":"b25d1e1a-f9ea-4775-a08d-40ccf9461b40","coroutine_id":1}
[2024-10-25 12:21:00] sql.INFO: [0.63] select `id`, `name`, `type`, `target`, `rule`, `parameter` from `setting_crontab` where `status` = '1' [] {"request_id":"b25d1e1a-f9ea-4775-a08d-40ccf9461b40","coroutine_id":1}
[2024-10-25 12:22:00] sql.INFO: [1.98] select `id`, `name`, `type`, `target`, `rule`, `parameter` from `setting_crontab` where `status` = '1' [] {"request_id":"b25d1e1a-f9ea-4775-a08d-40ccf9461b40","coroutine_id":1}
